SF:lib\ripple_action_button.dart
DA:113,1
DA:177,1
DA:178,1
DA:198,1
DA:200,1
DA:201,2
DA:202,4
DA:203,1
DA:204,3
DA:207,1
DA:208,3
DA:209,1
DA:210,2
DA:211,1
DA:212,2
DA:213,1
DA:214,2
DA:217,1
DA:218,4
DA:219,2
DA:220,3
DA:221,3
DA:225,3
DA:227,2
DA:228,3
DA:229,3
DA:235,1
DA:237,9
DA:242,6
DA:243,3
DA:246,3
DA:247,2
DA:251,1
DA:254,3
DA:257,1
DA:260,2
DA:261,2
DA:263,3
DA:266,1
DA:269,1
DA:272,3
DA:275,1
DA:277,1
DA:280,3
DA:283,1
DA:287,3
DA:290,2
DA:294,1
DA:296,1
DA:299,2
DA:300,4
DA:305,0
DA:307,0
DA:308,0
DA:314,2
DA:317,1
DA:318,1
DA:319,1
DA:320,2
DA:325,1
DA:326,3
DA:328,1
DA:329,3
DA:331,1
DA:332,3
DA:335,3
DA:338,2
DA:341,1
DA:344,2
DA:347,2
DA:348,1
DA:351,1
DA:353,1
DA:354,2
DA:355,1
DA:356,2
DA:357,1
DA:361,2
DA:362,2
DA:363,2
DA:364,2
DA:366,1
DA:367,1
DA:368,1
DA:369,1
DA:371,1
DA:373,1
DA:374,1
DA:375,1
DA:376,2
DA:377,1
DA:378,2
DA:379,1
DA:380,2
DA:381,1
DA:382,1
DA:384,1
DA:386,1
DA:387,1
DA:388,2
DA:389,1
DA:390,1
DA:391,1
DA:392,2
DA:395,1
DA:396,1
DA:398,1
DA:399,2
DA:400,3
DA:401,3
DA:402,3
DA:403,1
DA:417,1
DA:419,1
DA:420,1
DA:421,1
DA:422,1
DA:423,1
DA:424,1
DA:426,1
DA:430,1
DA:432,1
DA:433,2
DA:434,1
DA:435,2
DA:436,1
DA:437,2
DA:439,2
DA:443,1
DA:445,1
DA:447,1
DA:449,1
DA:456,1
DA:457,3
DA:461,1
DA:462,4
DA:463,1
LF:137
LH:134
end_of_record
