SF:lib\ripple_action_button.dart
DA:107,1
DA:169,1
DA:170,1
DA:190,1
DA:192,1
DA:193,2
DA:194,4
DA:195,1
DA:196,3
DA:199,1
DA:200,3
DA:201,1
DA:202,2
DA:203,1
DA:204,2
DA:205,1
DA:206,2
DA:209,1
DA:210,4
DA:211,2
DA:212,3
DA:213,3
DA:217,3
DA:219,2
DA:220,3
DA:221,3
DA:227,1
DA:229,1
DA:230,1
DA:231,2
DA:232,3
DA:237,2
DA:238,1
DA:239,3
DA:240,3
DA:243,3
DA:244,2
DA:248,1
DA:251,3
DA:254,1
DA:257,2
DA:258,2
DA:260,3
DA:263,1
DA:266,1
DA:269,3
DA:272,1
DA:274,1
DA:277,3
DA:280,1
DA:284,3
DA:287,2
DA:291,1
DA:293,1
DA:296,2
DA:297,4
DA:302,0
DA:304,0
DA:305,0
DA:311,2
DA:314,1
DA:315,1
DA:316,1
DA:317,2
DA:322,1
DA:323,3
DA:325,1
DA:326,3
DA:328,1
DA:329,3
DA:332,3
DA:335,2
DA:338,1
DA:341,2
DA:344,2
DA:345,1
DA:348,1
DA:350,1
DA:351,2
DA:352,1
DA:353,2
DA:354,1
DA:358,2
DA:359,2
DA:360,2
DA:362,2
DA:364,1
DA:365,1
DA:366,1
DA:367,1
DA:369,1
DA:371,1
DA:372,1
DA:373,1
DA:374,2
DA:375,0
DA:376,1
DA:377,2
DA:378,1
DA:379,1
DA:381,1
DA:383,1
DA:384,1
DA:385,2
DA:386,1
DA:387,1
DA:388,1
DA:389,2
DA:392,1
DA:393,1
DA:395,1
DA:396,2
DA:398,3
DA:400,3
DA:401,1
DA:414,1
DA:416,1
DA:417,1
DA:418,1
DA:419,1
DA:420,1
DA:421,1
DA:423,1
DA:427,1
DA:429,1
DA:430,2
DA:431,1
DA:432,2
DA:433,1
DA:434,2
DA:436,2
DA:440,1
DA:442,1
DA:444,1
DA:446,1
DA:453,1
DA:454,3
DA:458,1
DA:459,4
DA:460,1
LF:140
LH:136
end_of_record
